<?xml version="1.0" encoding="UTF-8"?>
<!-- Generated by org.testng.reporters.JUnitXMLReporter -->
<testsuite hostname="DESKTOP-ROEA4C4" name="Test" tests="8" failures="0" timestamp="27 May 2020 13:19:24 GMT" time="319.654" errors="0">
  <testcase name="sample" time="25.901" classname="testcase.TC001"/>
  <testcase name="flipkart" time="35.687" classname="testcase.TC004"/>
  <testcase name="irctcSignUp" time="100.484" classname="testcase.TC009"/>
  <testcase name="sample" time="105.865" classname="testcase.TC002"/>
  <testcase name="BookHotelss" time="110.01" classname="testcase.TC003"/>
  <testcase name="BookHotelss" time="47.984" classname="testcase.TC006"/>
  <testcase name="saloonMandatoryCheck" time="125.081" classname="testcase.TC007"/>
  <testcase name="coachTrain" time="190.999" classname="testcase.TC008"/>
</testsuite> <!-- Test -->
