<?xml version="1.0" encoding="UTF-8"?>
<testng-results skipped="3" failed="0" total="3" passed="0">
  <reporter-output>
  </reporter-output>
  <suite name="Default suite" duration-ms="108100" started-at="2020-06-11T14:40:01Z" finished-at="2020-06-11T14:41:49Z">
    <groups>
    </groups>
    <test name="Default test" duration-ms="108100" started-at="2020-06-11T14:40:01Z" finished-at="2020-06-11T14:41:49Z">
      <class name="testcase.TC004">
        <test-method status="FAIL" signature="launchBrowser()[pri:0, instance:testcase.TC004@bc464]" name="launchBrowser" is-config="true" duration-ms="0" started-at="2020-06-11T20:10:02Z" finished-at="2020-06-11T20:10:02Z">
          <exception class="org.openqa.selenium.WebDriverException">
            <message>
              <![CDATA[chrome not reachable
  (Session info: chrome=83.0.4103.97)
Build info: version: '3.14.0', revision: 'aacccce0', time: '2018-08-02T20:19:58.91Z'
System info: host: 'DESKTOP-ROEA4C4', ip: '192.168.43.91', os.name: 'Windows 8.1', os.arch: 'x86', os.version: '6.3', java.version: '1.8.0'
Driver info: org.openqa.selenium.chrome.ChromeDriver
Capabilities {acceptInsecureCerts: false, browserName: chrome, browserVersion: 83.0.4103.97, chrome: {chromedriverVersion: 83.0.4103.39 (ccbf011cb2d2b..., userDataDir: C:\Users\Lenovo\AppData\Loc...}, goog:chromeOptions: {debuggerAddress: localhost:60219}, javascriptEnabled: true, networkConnectionEnabled: false, pageLoadStrategy: normal, platform: WINDOWS, platformName: WINDOWS, proxy: Proxy(), setWindowRect: true, strictFileInteractability: false, timeouts: {implicit: 0, pageLoad: 300000, script: 30000}, unhandledPromptBehavior: dismiss and notify, webauthn:virtualAuthenticators: true}
Session ID: 148c9b5a51fd16beba0e244803badb42]]>
            </message>
            <full-stacktrace>
              <![CDATA[org.openqa.selenium.WebDriverException: chrome not reachable
  (Session info: chrome=83.0.4103.97)
Build info: version: '3.14.0', revision: 'aacccce0', time: '2018-08-02T20:19:58.91Z'
System info: host: 'DESKTOP-ROEA4C4', ip: '192.168.43.91', os.name: 'Windows 8.1', os.arch: 'x86', os.version: '6.3', java.version: '1.8.0'
Driver info: org.openqa.selenium.chrome.ChromeDriver
Capabilities {acceptInsecureCerts: false, browserName: chrome, browserVersion: 83.0.4103.97, chrome: {chromedriverVersion: 83.0.4103.39 (ccbf011cb2d2b..., userDataDir: C:\Users\Lenovo\AppData\Loc...}, goog:chromeOptions: {debuggerAddress: localhost:60219}, javascriptEnabled: true, networkConnectionEnabled: false, pageLoadStrategy: normal, platform: WINDOWS, platformName: WINDOWS, proxy: Proxy(), setWindowRect: true, strictFileInteractability: false, timeouts: {implicit: 0, pageLoad: 300000, script: 30000}, unhandledPromptBehavior: dismiss and notify, webauthn:virtualAuthenticators: true}
Session ID: 148c9b5a51fd16beba0e244803badb42
	at sun.reflect.NativeConstructorAccessorImpl.newInstance0(Native Method)
	at sun.reflect.NativeConstructorAccessorImpl.newInstance(Unknown Source)
	at sun.reflect.DelegatingConstructorAccessorImpl.newInstance(Unknown Source)
	at java.lang.reflect.Constructor.newInstance(Unknown Source)
	at org.openqa.selenium.remote.http.W3CHttpResponseCodec.createException(W3CHttpResponseCodec.java:187)
	at org.openqa.selenium.remote.http.W3CHttpResponseCodec.decode(W3CHttpResponseCodec.java:122)
	at org.openqa.selenium.remote.http.W3CHttpResponseCodec.decode(W3CHttpResponseCodec.java:49)
	at org.openqa.selenium.remote.HttpCommandExecutor.execute(HttpCommandExecutor.java:158)
	at org.openqa.selenium.remote.service.DriverCommandExecutor.execute(DriverCommandExecutor.java:83)
	at org.openqa.selenium.remote.RemoteWebDriver.execute(RemoteWebDriver.java:548)
	at org.openqa.selenium.remote.RemoteWebDriver.execute(RemoteWebDriver.java:605)
	at org.openqa.selenium.remote.RemoteWebDriver.getScreenshotAs(RemoteWebDriver.java:294)
	at wrappers.GenericWrappers.takeSnap(GenericWrappers.java:875)
	at wrappers.GenericWrappers.invokeApp(GenericWrappers.java:58)
	at wrappers.ProjectWrappers.launchBrowser(ProjectWrappers.java:12)
	at sun.reflect.NativeMethodAccessorImpl.invoke0(Native Method)
	at sun.reflect.NativeMethodAccessorImpl.invoke(Unknown Source)
	at sun.reflect.DelegatingMethodAccessorImpl.invoke(Unknown Source)
	at java.lang.reflect.Method.invoke(Unknown Source)
	at org.testng.internal.MethodInvocationHelper.invokeMethod(MethodInvocationHelper.java:85)
	at org.testng.internal.Invoker.invokeConfigurationMethod(Invoker.java:510)
	at org.testng.internal.Invoker.invokeConfigurations(Invoker.java:211)
	at org.testng.internal.Invoker.invokeMethod(Invoker.java:585)
	at org.testng.internal.Invoker.invokeTestMethod(Invoker.java:816)
	at org.testng.internal.Invoker.invokeTestMethods(Invoker.java:1124)
	at org.testng.internal.TestMethodWorker.invokeTestMethods(TestMethodWorker.java:124)
	at org.testng.internal.TestMethodWorker.run(TestMethodWorker.java:108)
	at org.testng.TestRunner.privateRun(TestRunner.java:773)
	at org.testng.TestRunner.run(TestRunner.java:623)
	at org.testng.SuiteRunner.runTest(SuiteRunner.java:359)
	at org.testng.SuiteRunner.runSequentially(SuiteRunner.java:354)
	at org.testng.SuiteRunner.privateRun(SuiteRunner.java:312)
	at org.testng.SuiteRunner.run(SuiteRunner.java:261)
	at org.testng.SuiteRunnerWorker.runSuite(SuiteRunnerWorker.java:52)
	at org.testng.SuiteRunnerWorker.run(SuiteRunnerWorker.java:86)
	at org.testng.TestNG.runSuitesSequentially(TestNG.java:1185)
	at org.testng.TestNG.runSuitesLocally(TestNG.java:1110)
	at org.testng.TestNG.run(TestNG.java:1018)
	at org.testng.remote.RemoteTestNG.run(RemoteTestNG.java:112)
	at org.testng.remote.RemoteTestNG.initAndRun(RemoteTestNG.java:205)
	at org.testng.remote.RemoteTestNG.main(RemoteTestNG.java:176)
]]>
            </full-stacktrace>
          </exception> <!-- org.openqa.selenium.WebDriverException -->
          <reporter-output>
          </reporter-output>
        </test-method> <!-- launchBrowser -->
        <test-method status="SKIP" signature="flipkart(java.lang.String, java.lang.String, java.lang.String)[pri:0, instance:testcase.TC004@bc464]" name="flipkart" duration-ms="0" started-at="2020-06-11T20:11:49Z" data-provider="searchmobile" finished-at="2020-06-11T20:11:49Z">
          <params>
            <param index="0">
              <value>
                <![CDATA[9786779731]]>
              </value>
            </param>
            <param index="1">
              <value>
                <![CDATA[kutty@45]]>
              </value>
            </param>
            <param index="2">
              <value>
                <![CDATA[redmi k20 pro]]>
              </value>
            </param>
          </params>
          <reporter-output>
          </reporter-output>
        </test-method> <!-- flipkart -->
        <test-method status="SKIP" signature="closeBrowser()[pri:0, instance:testcase.TC004@bc464]" name="closeBrowser" is-config="true" duration-ms="0" started-at="2020-06-11T20:11:49Z" finished-at="2020-06-11T20:11:49Z">
          <reporter-output>
          </reporter-output>
        </test-method> <!-- closeBrowser -->
        <test-method status="SKIP" signature="launchBrowser()[pri:0, instance:testcase.TC004@bc464]" name="launchBrowser" is-config="true" duration-ms="0" started-at="2020-06-11T20:11:49Z" finished-at="2020-06-11T20:11:49Z">
          <reporter-output>
          </reporter-output>
        </test-method> <!-- launchBrowser -->
        <test-method status="SKIP" signature="flipkart(java.lang.String, java.lang.String, java.lang.String)[pri:0, instance:testcase.TC004@bc464]" name="flipkart" duration-ms="1" started-at="2020-06-11T20:11:49Z" data-provider="searchmobile" finished-at="2020-06-11T20:11:49Z">
          <params>
            <param index="0">
              <value>
                <![CDATA[9786779731]]>
              </value>
            </param>
            <param index="1">
              <value>
                <![CDATA[kutty@45]]>
              </value>
            </param>
            <param index="2">
              <value>
                <![CDATA[OnePlus 7 Pro]]>
              </value>
            </param>
          </params>
          <reporter-output>
          </reporter-output>
        </test-method> <!-- flipkart -->
        <test-method status="SKIP" signature="closeBrowser()[pri:0, instance:testcase.TC004@bc464]" name="closeBrowser" is-config="true" duration-ms="0" started-at="2020-06-11T20:11:49Z" finished-at="2020-06-11T20:11:49Z">
          <reporter-output>
          </reporter-output>
        </test-method> <!-- closeBrowser -->
        <test-method status="SKIP" signature="launchBrowser()[pri:0, instance:testcase.TC004@bc464]" name="launchBrowser" is-config="true" duration-ms="0" started-at="2020-06-11T20:11:49Z" finished-at="2020-06-11T20:11:49Z">
          <reporter-output>
          </reporter-output>
        </test-method> <!-- launchBrowser -->
        <test-method status="SKIP" signature="flipkart(java.lang.String, java.lang.String, java.lang.String)[pri:0, instance:testcase.TC004@bc464]" name="flipkart" duration-ms="1" started-at="2020-06-11T20:11:49Z" data-provider="searchmobile" finished-at="2020-06-11T20:11:49Z">
          <params>
            <param index="0">
              <value>
                <![CDATA[9786779731]]>
              </value>
            </param>
            <param index="1">
              <value>
                <![CDATA[kutty@45]]>
              </value>
            </param>
            <param index="2">
              <value>
                <![CDATA[Samsung Galaxy S7 Edge ]]>
              </value>
            </param>
          </params>
          <reporter-output>
          </reporter-output>
        </test-method> <!-- flipkart -->
        <test-method status="SKIP" signature="closeBrowser()[pri:0, instance:testcase.TC004@bc464]" name="closeBrowser" is-config="true" duration-ms="0" started-at="2020-06-11T20:11:49Z" finished-at="2020-06-11T20:11:49Z">
          <reporter-output>
          </reporter-output>
        </test-method> <!-- closeBrowser -->
      </class> <!-- testcase.TC004 -->
    </test> <!-- Default test -->
  </suite> <!-- Default suite -->
</testng-results>
